2022-06-01 13:48:45,931 DEBUG    root            Loaded Command Group: ['gcloud', 'components']
2022-06-01 13:48:45,935 DEBUG    root            Loaded Command Group: ['gcloud', 'components', 'update']
2022-06-01 13:48:45,938 DEBUG    root            Running [gcloud.components.update] with arguments: [--allow-no-backup: "True", --quiet: "True", COMPONENT-IDS:6: "['core', 'gcloud-deps', 'bq', 'gcloud', 'gsutil', 'anthoscli']"]
2022-06-01 13:48:45,944 INFO     ___FILE_ONLY___ Beginning update. This process may take several minutes.

2022-06-01 13:48:57,972 DEBUG    urllib3.connectionpool Starting new HTTPS connection (1): dl.google.com:443
2022-06-01 13:48:57,995 DEBUG    urllib3.connectionpool https://dl.google.com:443 "GET /dl/cloudsdk/channels/rapid/components-2.json HTTP/1.1" 200 190923
2022-06-01 13:48:58,051 INFO     ___FILE_ONLY___ 

2022-06-01 13:48:58,052 INFO     ___FILE_ONLY___ 
Your current Google Cloud CLI version is: 387.0.0

2022-06-01 13:48:58,052 INFO     ___FILE_ONLY___ Installing components from version: 387.0.0

2022-06-01 13:48:58,052 INFO     ___FILE_ONLY___ 

2022-06-01 13:48:58,057 INFO     ___FILE_ONLY___ ┌─────────────────────────────────────────────────────────────────────────────┐
2022-06-01 13:48:58,057 INFO     ___FILE_ONLY___ 

2022-06-01 13:48:58,058 INFO     ___FILE_ONLY___ │                     These components will be installed.                     │
2022-06-01 13:48:58,058 INFO     ___FILE_ONLY___ 

2022-06-01 13:48:58,058 INFO     ___FILE_ONLY___ ├─────────────────────────────────────────────────────┬────────────┬──────────┤
2022-06-01 13:48:58,058 INFO     ___FILE_ONLY___ 

2022-06-01 13:48:58,058 INFO     ___FILE_ONLY___ │                         Name                        │  Version   │   Size   │
2022-06-01 13:48:58,058 INFO     ___FILE_ONLY___ 

2022-06-01 13:48:58,058 INFO     ___FILE_ONLY___ ├─────────────────────────────────────────────────────┼────────────┼──────────┤
2022-06-01 13:48:58,058 INFO     ___FILE_ONLY___ 

2022-06-01 13:48:58,058 INFO     ___FILE_ONLY___ │ 
2022-06-01 13:48:58,058 INFO     ___FILE_ONLY___ BigQuery Command Line Tool                         
2022-06-01 13:48:58,058 INFO     ___FILE_ONLY___  
2022-06-01 13:48:58,058 INFO     ___FILE_ONLY___ │ 
2022-06-01 13:48:58,058 INFO     ___FILE_ONLY___     2.0.74
2022-06-01 13:48:58,059 INFO     ___FILE_ONLY___  
2022-06-01 13:48:58,059 INFO     ___FILE_ONLY___ │ 
2022-06-01 13:48:58,059 INFO     ___FILE_ONLY___  1.0 MiB
2022-06-01 13:48:58,059 INFO     ___FILE_ONLY___  
2022-06-01 13:48:58,059 INFO     ___FILE_ONLY___ │
2022-06-01 13:48:58,059 INFO     ___FILE_ONLY___ 

2022-06-01 13:48:58,059 INFO     ___FILE_ONLY___ │ 
2022-06-01 13:48:58,059 INFO     ___FILE_ONLY___ BigQuery Command Line Tool (Platform Specific)     
2022-06-01 13:48:58,059 INFO     ___FILE_ONLY___  
2022-06-01 13:48:58,059 INFO     ___FILE_ONLY___ │ 
2022-06-01 13:48:58,060 INFO     ___FILE_ONLY___     2.0.73
2022-06-01 13:48:58,060 INFO     ___FILE_ONLY___  
2022-06-01 13:48:58,060 INFO     ___FILE_ONLY___ │ 
2022-06-01 13:48:58,060 INFO     ___FILE_ONLY___  < 1 MiB
2022-06-01 13:48:58,060 INFO     ___FILE_ONLY___  
2022-06-01 13:48:58,060 INFO     ___FILE_ONLY___ │
2022-06-01 13:48:58,060 INFO     ___FILE_ONLY___ 

2022-06-01 13:48:58,060 INFO     ___FILE_ONLY___ │ 
2022-06-01 13:48:58,061 INFO     ___FILE_ONLY___ Cloud Storage Command Line Tool                    
2022-06-01 13:48:58,061 INFO     ___FILE_ONLY___  
2022-06-01 13:48:58,061 INFO     ___FILE_ONLY___ │ 
2022-06-01 13:48:58,061 INFO     ___FILE_ONLY___       5.10
2022-06-01 13:48:58,061 INFO     ___FILE_ONLY___  
2022-06-01 13:48:58,061 INFO     ___FILE_ONLY___ │ 
2022-06-01 13:48:58,062 INFO     ___FILE_ONLY___ 15.5 MiB
2022-06-01 13:48:58,062 INFO     ___FILE_ONLY___  
2022-06-01 13:48:58,062 INFO     ___FILE_ONLY___ │
2022-06-01 13:48:58,062 INFO     ___FILE_ONLY___ 

2022-06-01 13:48:58,062 INFO     ___FILE_ONLY___ │ 
2022-06-01 13:48:58,062 INFO     ___FILE_ONLY___ Cloud Storage Command Line Tool (Platform Specific)
2022-06-01 13:48:58,062 INFO     ___FILE_ONLY___  
2022-06-01 13:48:58,063 INFO     ___FILE_ONLY___ │ 
2022-06-01 13:48:58,063 INFO     ___FILE_ONLY___        5.6
2022-06-01 13:48:58,063 INFO     ___FILE_ONLY___  
2022-06-01 13:48:58,063 INFO     ___FILE_ONLY___ │ 
2022-06-01 13:48:58,063 INFO     ___FILE_ONLY___  < 1 MiB
2022-06-01 13:48:58,063 INFO     ___FILE_ONLY___  
2022-06-01 13:48:58,063 INFO     ___FILE_ONLY___ │
2022-06-01 13:48:58,064 INFO     ___FILE_ONLY___ 

2022-06-01 13:48:58,064 INFO     ___FILE_ONLY___ │ 
2022-06-01 13:48:58,064 INFO     ___FILE_ONLY___ Google Cloud CLI Core Libraries (Platform Specific)
2022-06-01 13:48:58,064 INFO     ___FILE_ONLY___  
2022-06-01 13:48:58,064 INFO     ___FILE_ONLY___ │ 
2022-06-01 13:48:58,064 INFO     ___FILE_ONLY___ 2022.01.28
2022-06-01 13:48:58,064 INFO     ___FILE_ONLY___  
2022-06-01 13:48:58,064 INFO     ___FILE_ONLY___ │ 
2022-06-01 13:48:58,064 INFO     ___FILE_ONLY___  < 1 MiB
2022-06-01 13:48:58,064 INFO     ___FILE_ONLY___  
2022-06-01 13:48:58,064 INFO     ___FILE_ONLY___ │
2022-06-01 13:48:58,065 INFO     ___FILE_ONLY___ 

2022-06-01 13:48:58,065 INFO     ___FILE_ONLY___ │ 
2022-06-01 13:48:58,065 INFO     ___FILE_ONLY___ anthoscli                                          
2022-06-01 13:48:58,065 INFO     ___FILE_ONLY___  
2022-06-01 13:48:58,066 INFO     ___FILE_ONLY___ │ 
2022-06-01 13:48:58,066 INFO     ___FILE_ONLY___     0.2.26
2022-06-01 13:48:58,066 INFO     ___FILE_ONLY___  
2022-06-01 13:48:58,066 INFO     ___FILE_ONLY___ │ 
2022-06-01 13:48:58,066 INFO     ___FILE_ONLY___ 47.5 MiB
2022-06-01 13:48:58,066 INFO     ___FILE_ONLY___  
2022-06-01 13:48:58,066 INFO     ___FILE_ONLY___ │
2022-06-01 13:48:58,066 INFO     ___FILE_ONLY___ 

2022-06-01 13:48:58,067 INFO     ___FILE_ONLY___ │ 
2022-06-01 13:48:58,067 INFO     ___FILE_ONLY___ gcloud cli dependencies                            
2022-06-01 13:48:58,067 INFO     ___FILE_ONLY___  
2022-06-01 13:48:58,067 INFO     ___FILE_ONLY___ │ 
2022-06-01 13:48:58,067 INFO     ___FILE_ONLY___ 2021.04.16
2022-06-01 13:48:58,067 INFO     ___FILE_ONLY___  
2022-06-01 13:48:58,067 INFO     ___FILE_ONLY___ │ 
2022-06-01 13:48:58,067 INFO     ___FILE_ONLY___  < 1 MiB
2022-06-01 13:48:58,067 INFO     ___FILE_ONLY___  
2022-06-01 13:48:58,067 INFO     ___FILE_ONLY___ │
2022-06-01 13:48:58,067 INFO     ___FILE_ONLY___ 

2022-06-01 13:48:58,067 INFO     ___FILE_ONLY___ └─────────────────────────────────────────────────────┴────────────┴──────────┘
2022-06-01 13:48:58,067 INFO     ___FILE_ONLY___ 

2022-06-01 13:48:58,068 INFO     ___FILE_ONLY___ 

2022-06-01 13:48:58,070 DEBUG    urllib3.connectionpool Starting new HTTPS connection (1): dl.google.com:443
2022-06-01 13:48:58,093 DEBUG    urllib3.connectionpool https://dl.google.com:443 "GET /dl/cloudsdk/channels/rapid/RELEASE_NOTES HTTP/1.1" 200 808364
2022-06-01 13:48:58,123 INFO     ___FILE_ONLY___ For the latest full release notes, please visit:
  https://cloud.google.com/sdk/release_notes


2022-06-01 13:48:58,129 INFO     ___FILE_ONLY___ ╔════════════════════════════════════════════════════════════╗

2022-06-01 13:48:58,129 INFO     ___FILE_ONLY___ ╠═ Creating update staging area                             ═╣

2022-06-01 13:48:58,129 INFO     ___FILE_ONLY___ ╚
2022-06-01 13:48:58,130 INFO     ___FILE_ONLY___ ══════
2022-06-01 13:48:58,130 INFO     ___FILE_ONLY___ ══════
2022-06-01 13:48:58,130 INFO     ___FILE_ONLY___ ══════
2022-06-01 13:48:58,276 INFO     ___FILE_ONLY___ ═
2022-06-01 13:48:58,346 INFO     ___FILE_ONLY___ ═
2022-06-01 13:48:58,380 INFO     ___FILE_ONLY___ ═
2022-06-01 13:48:58,405 INFO     ___FILE_ONLY___ ═
2022-06-01 13:48:58,430 INFO     ___FILE_ONLY___ ═
2022-06-01 13:48:58,458 INFO     ___FILE_ONLY___ ═
2022-06-01 13:48:58,490 INFO     ___FILE_ONLY___ ═
2022-06-01 13:48:58,528 INFO     ___FILE_ONLY___ ═
2022-06-01 13:48:58,557 INFO     ___FILE_ONLY___ ═
2022-06-01 13:48:58,688 INFO     ___FILE_ONLY___ ═
2022-06-01 13:48:58,838 INFO     ___FILE_ONLY___ ═
2022-06-01 13:48:58,894 INFO     ___FILE_ONLY___ ═
2022-06-01 13:48:58,976 INFO     ___FILE_ONLY___ ═
2022-06-01 13:48:59,025 INFO     ___FILE_ONLY___ ═
2022-06-01 13:48:59,085 INFO     ___FILE_ONLY___ ═
2022-06-01 13:48:59,134 INFO     ___FILE_ONLY___ ═
2022-06-01 13:48:59,179 INFO     ___FILE_ONLY___ ═
2022-06-01 13:48:59,236 INFO     ___FILE_ONLY___ ═
2022-06-01 13:48:59,319 INFO     ___FILE_ONLY___ ═
2022-06-01 13:48:59,374 INFO     ___FILE_ONLY___ ═
2022-06-01 13:48:59,438 INFO     ___FILE_ONLY___ ═
2022-06-01 13:48:59,505 INFO     ___FILE_ONLY___ ═
2022-06-01 13:48:59,566 INFO     ___FILE_ONLY___ ═
2022-06-01 13:48:59,695 INFO     ___FILE_ONLY___ ═
2022-06-01 13:48:59,745 INFO     ___FILE_ONLY___ ═
2022-06-01 13:48:59,780 INFO     ___FILE_ONLY___ ═
2022-06-01 13:48:59,809 INFO     ___FILE_ONLY___ ═
2022-06-01 13:48:59,859 INFO     ___FILE_ONLY___ ═
2022-06-01 13:48:59,915 INFO     ___FILE_ONLY___ ═
2022-06-01 13:48:59,958 INFO     ___FILE_ONLY___ ═
2022-06-01 13:49:00,005 INFO     ___FILE_ONLY___ ═
2022-06-01 13:49:00,062 INFO     ___FILE_ONLY___ ═
2022-06-01 13:49:00,114 INFO     ___FILE_ONLY___ ═
2022-06-01 13:49:00,175 INFO     ___FILE_ONLY___ ═
2022-06-01 13:49:00,236 INFO     ___FILE_ONLY___ ═
2022-06-01 13:49:00,284 INFO     ___FILE_ONLY___ ═
2022-06-01 13:49:00,335 INFO     ___FILE_ONLY___ ═
2022-06-01 13:49:00,390 INFO     ___FILE_ONLY___ ═
2022-06-01 13:49:00,433 INFO     ___FILE_ONLY___ ═
2022-06-01 13:49:00,487 INFO     ___FILE_ONLY___ ═
2022-06-01 13:49:00,527 INFO     ___FILE_ONLY___ ═
2022-06-01 13:49:00,573 INFO     ___FILE_ONLY___ ═
2022-06-01 13:49:00,574 INFO     ___FILE_ONLY___ ╝

2022-06-01 13:49:00,752 INFO     ___FILE_ONLY___ ╔════════════════════════════════════════════════════════════╗

2022-06-01 13:49:00,753 INFO     ___FILE_ONLY___ ╠═ Installing: BigQuery Command Line Tool                   ═╣

2022-06-01 13:49:00,753 INFO     ___FILE_ONLY___ ╚
2022-06-01 13:49:00,756 DEBUG    urllib3.connectionpool Starting new HTTPS connection (1): dl.google.com:443
2022-06-01 13:49:00,778 DEBUG    urllib3.connectionpool https://dl.google.com:443 "GET /dl/cloudsdk/channels/rapid/components/google-cloud-sdk-bq-20220222143224.tar.gz HTTP/1.1" 200 1085920
2022-06-01 13:49:00,788 INFO     ___FILE_ONLY___ ═
2022-06-01 13:49:00,789 INFO     ___FILE_ONLY___ ═
2022-06-01 13:49:00,789 INFO     ___FILE_ONLY___ ═
2022-06-01 13:49:00,789 INFO     ___FILE_ONLY___ ═
2022-06-01 13:49:00,789 INFO     ___FILE_ONLY___ ═
2022-06-01 13:49:00,789 INFO     ___FILE_ONLY___ ═
2022-06-01 13:49:00,789 INFO     ___FILE_ONLY___ ═
2022-06-01 13:49:00,789 INFO     ___FILE_ONLY___ ═
2022-06-01 13:49:00,790 INFO     ___FILE_ONLY___ ═
2022-06-01 13:49:00,790 INFO     ___FILE_ONLY___ ═
2022-06-01 13:49:00,790 INFO     ___FILE_ONLY___ ═
2022-06-01 13:49:00,790 INFO     ___FILE_ONLY___ ═
2022-06-01 13:49:00,790 INFO     ___FILE_ONLY___ ═
2022-06-01 13:49:00,790 INFO     ___FILE_ONLY___ ═
2022-06-01 13:49:00,790 INFO     ___FILE_ONLY___ ═
2022-06-01 13:49:00,790 INFO     ___FILE_ONLY___ ═
2022-06-01 13:49:00,790 INFO     ___FILE_ONLY___ ═
2022-06-01 13:49:00,791 INFO     ___FILE_ONLY___ ═
2022-06-01 13:49:00,791 INFO     ___FILE_ONLY___ ═
2022-06-01 13:49:00,791 INFO     ___FILE_ONLY___ ═
2022-06-01 13:49:00,791 INFO     ___FILE_ONLY___ ═
2022-06-01 13:49:00,791 INFO     ___FILE_ONLY___ ═
2022-06-01 13:49:00,791 INFO     ___FILE_ONLY___ ═
2022-06-01 13:49:00,791 INFO     ___FILE_ONLY___ ═
2022-06-01 13:49:00,791 INFO     ___FILE_ONLY___ ═
2022-06-01 13:49:00,791 INFO     ___FILE_ONLY___ ═
2022-06-01 13:49:00,792 INFO     ___FILE_ONLY___ ═
2022-06-01 13:49:00,792 INFO     ___FILE_ONLY___ ═
2022-06-01 13:49:00,792 INFO     ___FILE_ONLY___ ═
2022-06-01 13:49:00,792 INFO     ___FILE_ONLY___ ═
2022-06-01 13:49:00,846 INFO     ___FILE_ONLY___ ═
2022-06-01 13:49:00,855 INFO     ___FILE_ONLY___ ═
2022-06-01 13:49:00,859 INFO     ___FILE_ONLY___ ═
2022-06-01 13:49:00,862 INFO     ___FILE_ONLY___ ═
2022-06-01 13:49:00,864 INFO     ___FILE_ONLY___ ═
2022-06-01 13:49:00,868 INFO     ___FILE_ONLY___ ═
2022-06-01 13:49:00,872 INFO     ___FILE_ONLY___ ═
2022-06-01 13:49:00,874 INFO     ___FILE_ONLY___ ═
2022-06-01 13:49:00,877 INFO     ___FILE_ONLY___ ═
2022-06-01 13:49:00,880 INFO     ___FILE_ONLY___ ═
2022-06-01 13:49:00,884 INFO     ___FILE_ONLY___ ═
2022-06-01 13:49:00,889 INFO     ___FILE_ONLY___ ═
2022-06-01 13:49:00,893 INFO     ___FILE_ONLY___ ═
2022-06-01 13:49:00,896 INFO     ___FILE_ONLY___ ═
2022-06-01 13:49:00,899 INFO     ___FILE_ONLY___ ═
2022-06-01 13:49:00,902 INFO     ___FILE_ONLY___ ═
2022-06-01 13:49:00,905 INFO     ___FILE_ONLY___ ═
2022-06-01 13:49:00,907 INFO     ___FILE_ONLY___ ═
2022-06-01 13:49:00,910 INFO     ___FILE_ONLY___ ═
2022-06-01 13:49:00,913 INFO     ___FILE_ONLY___ ═
2022-06-01 13:49:00,916 INFO     ___FILE_ONLY___ ═
2022-06-01 13:49:00,921 INFO     ___FILE_ONLY___ ═
2022-06-01 13:49:00,923 INFO     ___FILE_ONLY___ ═
2022-06-01 13:49:00,926 INFO     ___FILE_ONLY___ ═
2022-06-01 13:49:00,928 INFO     ___FILE_ONLY___ ═
2022-06-01 13:49:00,932 INFO     ___FILE_ONLY___ ═
2022-06-01 13:49:00,934 INFO     ___FILE_ONLY___ ═
2022-06-01 13:49:00,938 INFO     ___FILE_ONLY___ ═
2022-06-01 13:49:00,940 INFO     ___FILE_ONLY___ ═
2022-06-01 13:49:00,943 INFO     ___FILE_ONLY___ ═
2022-06-01 13:49:00,944 INFO     ___FILE_ONLY___ ╝

2022-06-01 13:49:00,957 INFO     ___FILE_ONLY___ ╔════════════════════════════════════════════════════════════╗

2022-06-01 13:49:00,958 INFO     ___FILE_ONLY___ ╠═ Installing: BigQuery Command Line Tool (Platform Spec... ═╣

2022-06-01 13:49:00,958 INFO     ___FILE_ONLY___ ╚
2022-06-01 13:49:00,961 DEBUG    urllib3.connectionpool Starting new HTTPS connection (1): dl.google.com:443
2022-06-01 13:49:00,979 DEBUG    urllib3.connectionpool https://dl.google.com:443 "GET /dl/cloudsdk/channels/rapid/components/google-cloud-sdk-bq-nix-20220128152443.tar.gz HTTP/1.1" 200 1943
2022-06-01 13:49:00,980 INFO     ___FILE_ONLY___ ══════════════════════════════
2022-06-01 13:49:00,981 INFO     ___FILE_ONLY___ ══════════════════════════════
2022-06-01 13:49:00,981 INFO     ___FILE_ONLY___ ╝

2022-06-01 13:49:00,992 INFO     ___FILE_ONLY___ ╔════════════════════════════════════════════════════════════╗

2022-06-01 13:49:00,992 INFO     ___FILE_ONLY___ ╠═ Installing: Cloud Storage Command Line Tool              ═╣

2022-06-01 13:49:00,992 INFO     ___FILE_ONLY___ ╚
2022-06-01 13:49:00,996 DEBUG    urllib3.connectionpool Starting new HTTPS connection (1): dl.google.com:443
2022-06-01 13:49:01,023 DEBUG    urllib3.connectionpool https://dl.google.com:443 "GET /dl/cloudsdk/channels/rapid/components/google-cloud-sdk-gsutil-20220504215042.tar.gz HTTP/1.1" 200 16215233
2022-06-01 13:49:01,118 INFO     ___FILE_ONLY___ ═
2022-06-01 13:49:01,119 INFO     ___FILE_ONLY___ ═
2022-06-01 13:49:01,120 INFO     ___FILE_ONLY___ ═
2022-06-01 13:49:01,121 INFO     ___FILE_ONLY___ ═
2022-06-01 13:49:01,122 INFO     ___FILE_ONLY___ ═
2022-06-01 13:49:01,122 INFO     ___FILE_ONLY___ ═
2022-06-01 13:49:01,123 INFO     ___FILE_ONLY___ ═
2022-06-01 13:49:01,124 INFO     ___FILE_ONLY___ ═
2022-06-01 13:49:01,125 INFO     ___FILE_ONLY___ ═
2022-06-01 13:49:01,125 INFO     ___FILE_ONLY___ ═
2022-06-01 13:49:01,126 INFO     ___FILE_ONLY___ ═
2022-06-01 13:49:01,127 INFO     ___FILE_ONLY___ ═
2022-06-01 13:49:01,128 INFO     ___FILE_ONLY___ ═
2022-06-01 13:49:01,128 INFO     ___FILE_ONLY___ ═
2022-06-01 13:49:01,129 INFO     ___FILE_ONLY___ ═
2022-06-01 13:49:01,130 INFO     ___FILE_ONLY___ ═
2022-06-01 13:49:01,131 INFO     ___FILE_ONLY___ ═
2022-06-01 13:49:01,132 INFO     ___FILE_ONLY___ ═
2022-06-01 13:49:01,132 INFO     ___FILE_ONLY___ ═
2022-06-01 13:49:01,133 INFO     ___FILE_ONLY___ ═
2022-06-01 13:49:01,134 INFO     ___FILE_ONLY___ ═
2022-06-01 13:49:01,135 INFO     ___FILE_ONLY___ ═
2022-06-01 13:49:01,136 INFO     ___FILE_ONLY___ ═
2022-06-01 13:49:01,136 INFO     ___FILE_ONLY___ ═
2022-06-01 13:49:01,137 INFO     ___FILE_ONLY___ ═
2022-06-01 13:49:01,138 INFO     ___FILE_ONLY___ ═
2022-06-01 13:49:01,139 INFO     ___FILE_ONLY___ ═
2022-06-01 13:49:01,140 INFO     ___FILE_ONLY___ ═
2022-06-01 13:49:01,141 INFO     ___FILE_ONLY___ ═
2022-06-01 13:49:01,141 INFO     ___FILE_ONLY___ ═
2022-06-01 13:49:02,271 INFO     ___FILE_ONLY___ ═
2022-06-01 13:49:02,324 INFO     ___FILE_ONLY___ ═
2022-06-01 13:49:02,368 INFO     ___FILE_ONLY___ ═
2022-06-01 13:49:02,408 INFO     ___FILE_ONLY___ ═
2022-06-01 13:49:02,454 INFO     ___FILE_ONLY___ ═
2022-06-01 13:49:02,525 INFO     ___FILE_ONLY___ ═
2022-06-01 13:49:02,579 INFO     ___FILE_ONLY___ ═
2022-06-01 13:49:02,650 INFO     ___FILE_ONLY___ ═
2022-06-01 13:49:02,707 INFO     ___FILE_ONLY___ ═
2022-06-01 13:49:02,747 INFO     ___FILE_ONLY___ ═
2022-06-01 13:49:02,792 INFO     ___FILE_ONLY___ ═
2022-06-01 13:49:02,842 INFO     ___FILE_ONLY___ ═
2022-06-01 13:49:02,899 INFO     ___FILE_ONLY___ ═
2022-06-01 13:49:02,972 INFO     ___FILE_ONLY___ ═
2022-06-01 13:49:03,025 INFO     ___FILE_ONLY___ ═
2022-06-01 13:49:03,065 INFO     ___FILE_ONLY___ ═
2022-06-01 13:49:03,109 INFO     ___FILE_ONLY___ ═
2022-06-01 13:49:03,152 INFO     ___FILE_ONLY___ ═
2022-06-01 13:49:03,192 INFO     ___FILE_ONLY___ ═
2022-06-01 13:49:03,237 INFO     ___FILE_ONLY___ ═
2022-06-01 13:49:03,285 INFO     ___FILE_ONLY___ ═
2022-06-01 13:49:03,332 INFO     ___FILE_ONLY___ ═
2022-06-01 13:49:03,388 INFO     ___FILE_ONLY___ ═
2022-06-01 13:49:03,435 INFO     ___FILE_ONLY___ ═
2022-06-01 13:49:03,489 INFO     ___FILE_ONLY___ ═
2022-06-01 13:49:03,544 INFO     ___FILE_ONLY___ ═
2022-06-01 13:49:03,587 INFO     ___FILE_ONLY___ ═
2022-06-01 13:49:03,626 INFO     ___FILE_ONLY___ ═
2022-06-01 13:49:03,667 INFO     ___FILE_ONLY___ ═
2022-06-01 13:49:03,724 INFO     ___FILE_ONLY___ ═
2022-06-01 13:49:03,725 INFO     ___FILE_ONLY___ ╝

2022-06-01 13:49:03,807 INFO     ___FILE_ONLY___ ╔════════════════════════════════════════════════════════════╗

2022-06-01 13:49:03,808 INFO     ___FILE_ONLY___ ╠═ Installing: Cloud Storage Command Line Tool (Platform... ═╣

2022-06-01 13:49:03,808 INFO     ___FILE_ONLY___ ╚
2022-06-01 13:49:03,811 DEBUG    urllib3.connectionpool Starting new HTTPS connection (1): dl.google.com:443
2022-06-01 13:49:03,831 DEBUG    urllib3.connectionpool https://dl.google.com:443 "GET /dl/cloudsdk/channels/rapid/components/google-cloud-sdk-gsutil-nix-20220128152443.tar.gz HTTP/1.1" 200 1955
2022-06-01 13:49:03,832 INFO     ___FILE_ONLY___ ══════════════════════════════
2022-06-01 13:49:03,833 INFO     ___FILE_ONLY___ ══════════════════════════════
2022-06-01 13:49:03,833 INFO     ___FILE_ONLY___ ╝

2022-06-01 13:49:03,844 INFO     ___FILE_ONLY___ ╔════════════════════════════════════════════════════════════╗

2022-06-01 13:49:03,844 INFO     ___FILE_ONLY___ ╠═ Installing: Default set of gcloud commands               ═╣

2022-06-01 13:49:03,844 INFO     ___FILE_ONLY___ ╚
2022-06-01 13:49:03,848 INFO     ___FILE_ONLY___ ════════════════════════════════════════════════════════════
2022-06-01 13:49:03,848 INFO     ___FILE_ONLY___ ╝

2022-06-01 13:49:03,853 INFO     ___FILE_ONLY___ ╔════════════════════════════════════════════════════════════╗

2022-06-01 13:49:03,853 INFO     ___FILE_ONLY___ ╠═ Installing: Google Cloud CLI Core Libraries (Platform... ═╣

2022-06-01 13:49:03,853 INFO     ___FILE_ONLY___ ╚
2022-06-01 13:49:03,857 DEBUG    urllib3.connectionpool Starting new HTTPS connection (1): dl.google.com:443
2022-06-01 13:49:03,873 DEBUG    urllib3.connectionpool https://dl.google.com:443 "GET /dl/cloudsdk/channels/rapid/components/google-cloud-sdk-core-nix-20220128152443.tar.gz HTTP/1.1" 200 2321
2022-06-01 13:49:03,874 INFO     ___FILE_ONLY___ ══════════════════════════════
2022-06-01 13:49:03,875 INFO     ___FILE_ONLY___ ═══════════════
2022-06-01 13:49:03,876 INFO     ___FILE_ONLY___ ═══════════════
2022-06-01 13:49:03,876 INFO     ___FILE_ONLY___ ╝

2022-06-01 13:49:03,886 INFO     ___FILE_ONLY___ ╔════════════════════════════════════════════════════════════╗

2022-06-01 13:49:03,886 INFO     ___FILE_ONLY___ ╠═ Installing: anthoscli                                    ═╣

2022-06-01 13:49:03,887 INFO     ___FILE_ONLY___ ╚
2022-06-01 13:49:03,890 DEBUG    urllib3.connectionpool Starting new HTTPS connection (1): dl.google.com:443
2022-06-01 13:49:03,923 DEBUG    urllib3.connectionpool https://dl.google.com:443 "GET /dl/cloudsdk/channels/rapid/components/google-cloud-sdk-anthoscli-linux-x86_64-20220408151416.tar.gz HTTP/1.1" 200 49825877
2022-06-01 13:49:04,348 INFO     ___FILE_ONLY___ ═
2022-06-01 13:49:04,350 INFO     ___FILE_ONLY___ ═
2022-06-01 13:49:04,353 INFO     ___FILE_ONLY___ ═
2022-06-01 13:49:04,355 INFO     ___FILE_ONLY___ ═
2022-06-01 13:49:04,357 INFO     ___FILE_ONLY___ ═
2022-06-01 13:49:04,359 INFO     ___FILE_ONLY___ ═
2022-06-01 13:49:04,361 INFO     ___FILE_ONLY___ ═
2022-06-01 13:49:04,363 INFO     ___FILE_ONLY___ ═
2022-06-01 13:49:04,365 INFO     ___FILE_ONLY___ ═
2022-06-01 13:49:04,367 INFO     ___FILE_ONLY___ ═
2022-06-01 13:49:04,369 INFO     ___FILE_ONLY___ ═
2022-06-01 13:49:04,371 INFO     ___FILE_ONLY___ ═
2022-06-01 13:49:04,373 INFO     ___FILE_ONLY___ ═
2022-06-01 13:49:04,375 INFO     ___FILE_ONLY___ ═
2022-06-01 13:49:04,377 INFO     ___FILE_ONLY___ ═
2022-06-01 13:49:04,379 INFO     ___FILE_ONLY___ ═
2022-06-01 13:49:04,381 INFO     ___FILE_ONLY___ ═
2022-06-01 13:49:04,384 INFO     ___FILE_ONLY___ ═
2022-06-01 13:49:04,386 INFO     ___FILE_ONLY___ ═
2022-06-01 13:49:04,388 INFO     ___FILE_ONLY___ ═
2022-06-01 13:49:04,390 INFO     ___FILE_ONLY___ ═
2022-06-01 13:49:04,393 INFO     ___FILE_ONLY___ ═
2022-06-01 13:49:04,395 INFO     ___FILE_ONLY___ ═
2022-06-01 13:49:04,397 INFO     ___FILE_ONLY___ ═
2022-06-01 13:49:04,399 INFO     ___FILE_ONLY___ ═
2022-06-01 13:49:04,401 INFO     ___FILE_ONLY___ ═
2022-06-01 13:49:04,403 INFO     ___FILE_ONLY___ ═
2022-06-01 13:49:04,405 INFO     ___FILE_ONLY___ ═
2022-06-01 13:49:04,407 INFO     ___FILE_ONLY___ ═
2022-06-01 13:49:04,410 INFO     ___FILE_ONLY___ ═
2022-06-01 13:49:06,128 INFO     ___FILE_ONLY___ ══════════
2022-06-01 13:49:06,133 INFO     ___FILE_ONLY___ ═════════
2022-06-01 13:49:06,155 INFO     ___FILE_ONLY___ ═══════════
2022-06-01 13:49:06,155 INFO     ___FILE_ONLY___ ╝

2022-06-01 13:49:06,175 INFO     ___FILE_ONLY___ ╔════════════════════════════════════════════════════════════╗

2022-06-01 13:49:06,175 INFO     ___FILE_ONLY___ ╠═ Installing: anthoscli                                    ═╣

2022-06-01 13:49:06,175 INFO     ___FILE_ONLY___ ╚
2022-06-01 13:49:06,180 INFO     ___FILE_ONLY___ ════════════════════════════════════════════════════════════
2022-06-01 13:49:06,180 INFO     ___FILE_ONLY___ ╝

2022-06-01 13:49:06,185 INFO     ___FILE_ONLY___ ╔════════════════════════════════════════════════════════════╗

2022-06-01 13:49:06,186 INFO     ___FILE_ONLY___ ╠═ Installing: gcloud cli dependencies                      ═╣

2022-06-01 13:49:06,186 INFO     ___FILE_ONLY___ ╚
2022-06-01 13:49:06,190 DEBUG    urllib3.connectionpool Starting new HTTPS connection (1): dl.google.com:443
2022-06-01 13:49:06,209 DEBUG    urllib3.connectionpool https://dl.google.com:443 "GET /dl/cloudsdk/channels/rapid/components/google-cloud-sdk-gcloud-deps-linux-x86_64-20210416153011.tar.gz HTTP/1.1" 200 104
2022-06-01 13:49:06,210 INFO     ___FILE_ONLY___ ══════════════════════════════
2022-06-01 13:49:06,211 INFO     ___FILE_ONLY___ ══════════════════════════════
2022-06-01 13:49:06,211 INFO     ___FILE_ONLY___ ╝

2022-06-01 13:49:06,223 INFO     ___FILE_ONLY___ ╔════════════════════════════════════════════════════════════╗

2022-06-01 13:49:06,223 INFO     ___FILE_ONLY___ ╠═ Creating backup and activating new installation          ═╣

2022-06-01 13:49:06,223 INFO     ___FILE_ONLY___ ╚
2022-06-01 13:49:06,224 DEBUG    root            Attempting to move directory [/tools/google-cloud-sdk] to [/tools/google-cloud-sdk.staging/.install/.backup]
2022-06-01 13:49:06,224 INFO     ___FILE_ONLY___ ══════════════════════════════
2022-06-01 13:49:06,224 DEBUG    root            Attempting to move directory [/tools/google-cloud-sdk.staging] to [/tools/google-cloud-sdk]
2022-06-01 13:49:06,224 INFO     ___FILE_ONLY___ ══════════════════════════════
2022-06-01 13:49:06,224 INFO     ___FILE_ONLY___ ╝

2022-06-01 13:49:06,228 DEBUG    root            Updating notification cache...
2022-06-01 13:49:06,228 INFO     ___FILE_ONLY___ 

2022-06-01 13:49:06,234 INFO     ___FILE_ONLY___ Performing post processing steps...
2022-06-01 13:49:06,235 DEBUG    root            Executing command: ['python3', '-S', '/tools/google-cloud-sdk/lib/gcloud.py', 'components', 'post-process']
2022-06-01 13:49:24,439 DEBUG    ___FILE_ONLY___ 
2022-06-01 13:49:24,439 DEBUG    ___FILE_ONLY___ 
2022-06-01 13:49:24,514 INFO     ___FILE_ONLY___ 
Update done!


2022-06-01 13:49:24,517 INFO     root            Display format: "none"
