2022-06-01 13:49:25,229 DEBUG    root            Loaded Command Group: ['gcloud', 'components']
2022-06-01 13:49:25,231 DEBUG    root            Loaded Command Group: ['gcloud', 'components', 'update']
2022-06-01 13:49:25,234 DEBUG    root            Running [gcloud.components.update] with arguments: [--quiet: "True", COMPONENT-IDS:8: "['gcloud', 'core', 'bq', 'gsutil', 'compute', 'preview', 'alpha', 'beta']"]
2022-06-01 13:49:25,240 INFO     ___FILE_ONLY___ Beginning update. This process may take several minutes.

2022-06-01 13:49:25,246 DEBUG    urllib3.connectionpool Starting new HTTPS connection (1): dl.google.com:443
2022-06-01 13:49:25,273 DEBUG    urllib3.connectionpool https://dl.google.com:443 "GET /dl/cloudsdk/channels/rapid/components-2.json HTTP/1.1" 200 190923
2022-06-01 13:49:25,290 WARNING  root            Component [compute] no longer exists.
2022-06-01 13:49:25,291 WARNING  root            Component [preview] no longer exists.
2022-06-01 13:49:25,291 INFO     ___FILE_ONLY___ 

2022-06-01 13:49:25,292 INFO     ___FILE_ONLY___ 
Your current Google Cloud CLI version is: 387.0.0

2022-06-01 13:49:25,292 INFO     ___FILE_ONLY___ Installing components from version: 387.0.0

2022-06-01 13:49:25,292 INFO     ___FILE_ONLY___ 

2022-06-01 13:49:25,295 INFO     ___FILE_ONLY___ ┌──────────────────────────────────────────────┐
2022-06-01 13:49:25,295 INFO     ___FILE_ONLY___ 

2022-06-01 13:49:25,295 INFO     ___FILE_ONLY___ │     These components will be installed.      │
2022-06-01 13:49:25,295 INFO     ___FILE_ONLY___ 

2022-06-01 13:49:25,295 INFO     ___FILE_ONLY___ ├───────────────────────┬────────────┬─────────┤
2022-06-01 13:49:25,295 INFO     ___FILE_ONLY___ 

2022-06-01 13:49:25,295 INFO     ___FILE_ONLY___ │          Name         │  Version   │   Size  │
2022-06-01 13:49:25,295 INFO     ___FILE_ONLY___ 

2022-06-01 13:49:25,295 INFO     ___FILE_ONLY___ ├───────────────────────┼────────────┼─────────┤
2022-06-01 13:49:25,295 INFO     ___FILE_ONLY___ 

2022-06-01 13:49:25,296 INFO     ___FILE_ONLY___ │ 
2022-06-01 13:49:25,296 INFO     ___FILE_ONLY___ gcloud Alpha Commands
2022-06-01 13:49:25,296 INFO     ___FILE_ONLY___  
2022-06-01 13:49:25,296 INFO     ___FILE_ONLY___ │ 
2022-06-01 13:49:25,296 INFO     ___FILE_ONLY___ 2022.05.20
2022-06-01 13:49:25,296 INFO     ___FILE_ONLY___  
2022-06-01 13:49:25,296 INFO     ___FILE_ONLY___ │ 
2022-06-01 13:49:25,296 INFO     ___FILE_ONLY___ < 1 MiB
2022-06-01 13:49:25,296 INFO     ___FILE_ONLY___  
2022-06-01 13:49:25,296 INFO     ___FILE_ONLY___ │
2022-06-01 13:49:25,296 INFO     ___FILE_ONLY___ 

2022-06-01 13:49:25,296 INFO     ___FILE_ONLY___ │ 
2022-06-01 13:49:25,296 INFO     ___FILE_ONLY___ gcloud Beta Commands 
2022-06-01 13:49:25,296 INFO     ___FILE_ONLY___  
2022-06-01 13:49:25,296 INFO     ___FILE_ONLY___ │ 
2022-06-01 13:49:25,297 INFO     ___FILE_ONLY___ 2022.05.20
2022-06-01 13:49:25,297 INFO     ___FILE_ONLY___  
2022-06-01 13:49:25,297 INFO     ___FILE_ONLY___ │ 
2022-06-01 13:49:25,297 INFO     ___FILE_ONLY___ < 1 MiB
2022-06-01 13:49:25,297 INFO     ___FILE_ONLY___  
2022-06-01 13:49:25,297 INFO     ___FILE_ONLY___ │
2022-06-01 13:49:25,297 INFO     ___FILE_ONLY___ 

2022-06-01 13:49:25,297 INFO     ___FILE_ONLY___ └───────────────────────┴────────────┴─────────┘
2022-06-01 13:49:25,297 INFO     ___FILE_ONLY___ 

2022-06-01 13:49:25,297 INFO     ___FILE_ONLY___ 

2022-06-01 13:49:25,299 DEBUG    urllib3.connectionpool Starting new HTTPS connection (1): dl.google.com:443
2022-06-01 13:49:25,322 DEBUG    urllib3.connectionpool https://dl.google.com:443 "GET /dl/cloudsdk/channels/rapid/RELEASE_NOTES HTTP/1.1" 200 808364
2022-06-01 13:49:25,351 INFO     ___FILE_ONLY___ For the latest full release notes, please visit:
  https://cloud.google.com/sdk/release_notes


2022-06-01 13:49:25,358 INFO     ___FILE_ONLY___ ╔════════════════════════════════════════════════════════════╗

2022-06-01 13:49:25,358 INFO     ___FILE_ONLY___ ╠═ Creating update staging area                             ═╣

2022-06-01 13:49:25,358 INFO     ___FILE_ONLY___ ╚
2022-06-01 13:49:25,358 INFO     ___FILE_ONLY___ ══════
2022-06-01 13:49:25,915 INFO     ___FILE_ONLY___ ══════
2022-06-01 13:49:25,915 INFO     ___FILE_ONLY___ ══════
2022-06-01 13:49:26,106 INFO     ___FILE_ONLY___ ═
2022-06-01 13:49:26,168 INFO     ___FILE_ONLY___ ═
2022-06-01 13:49:26,238 INFO     ___FILE_ONLY___ ═
2022-06-01 13:49:26,331 INFO     ___FILE_ONLY___ ═
2022-06-01 13:49:26,426 INFO     ___FILE_ONLY___ ═
2022-06-01 13:49:26,503 INFO     ___FILE_ONLY___ ═
2022-06-01 13:49:26,609 INFO     ___FILE_ONLY___ ═
2022-06-01 13:49:26,717 INFO     ___FILE_ONLY___ ═
2022-06-01 13:49:26,806 INFO     ___FILE_ONLY___ ═
2022-06-01 13:49:26,931 INFO     ___FILE_ONLY___ ═
2022-06-01 13:49:26,995 INFO     ___FILE_ONLY___ ═
2022-06-01 13:49:27,095 INFO     ___FILE_ONLY___ ═
2022-06-01 13:49:27,178 INFO     ___FILE_ONLY___ ═
2022-06-01 13:49:27,258 INFO     ___FILE_ONLY___ ═
2022-06-01 13:49:27,400 INFO     ___FILE_ONLY___ ═
2022-06-01 13:49:27,503 INFO     ___FILE_ONLY___ ═
2022-06-01 13:49:27,639 INFO     ___FILE_ONLY___ ═
2022-06-01 13:49:27,693 INFO     ___FILE_ONLY___ ═
2022-06-01 13:49:27,726 INFO     ___FILE_ONLY___ ═
2022-06-01 13:49:27,762 INFO     ___FILE_ONLY___ ═
2022-06-01 13:49:27,806 INFO     ___FILE_ONLY___ ═
2022-06-01 13:49:27,861 INFO     ___FILE_ONLY___ ═
2022-06-01 13:49:27,974 INFO     ___FILE_ONLY___ ═
2022-06-01 13:49:28,301 INFO     ___FILE_ONLY___ ═
2022-06-01 13:49:28,373 INFO     ___FILE_ONLY___ ═
2022-06-01 13:49:28,451 INFO     ___FILE_ONLY___ ═
2022-06-01 13:49:28,526 INFO     ___FILE_ONLY___ ═
2022-06-01 13:49:28,628 INFO     ___FILE_ONLY___ ═
2022-06-01 13:49:28,691 INFO     ___FILE_ONLY___ ═
2022-06-01 13:49:28,766 INFO     ___FILE_ONLY___ ═
2022-06-01 13:49:28,822 INFO     ___FILE_ONLY___ ═
2022-06-01 13:49:28,884 INFO     ___FILE_ONLY___ ═
2022-06-01 13:49:28,946 INFO     ___FILE_ONLY___ ═
2022-06-01 13:49:29,013 INFO     ___FILE_ONLY___ ═
2022-06-01 13:49:29,112 INFO     ___FILE_ONLY___ ═
2022-06-01 13:49:29,183 INFO     ___FILE_ONLY___ ═
2022-06-01 13:49:29,257 INFO     ___FILE_ONLY___ ═
2022-06-01 13:49:29,321 INFO     ___FILE_ONLY___ ═
2022-06-01 13:49:29,399 INFO     ___FILE_ONLY___ ═
2022-06-01 13:49:29,465 INFO     ___FILE_ONLY___ ═
2022-06-01 13:49:29,547 INFO     ___FILE_ONLY___ ═
2022-06-01 13:49:29,664 INFO     ___FILE_ONLY___ ═
2022-06-01 13:49:29,664 INFO     ___FILE_ONLY___ ╝

2022-06-01 13:49:31,804 INFO     ___FILE_ONLY___ ╔════════════════════════════════════════════════════════════╗

2022-06-01 13:49:31,804 INFO     ___FILE_ONLY___ ╠═ Installing: gcloud Alpha Commands                        ═╣

2022-06-01 13:49:31,804 INFO     ___FILE_ONLY___ ╚
2022-06-01 13:49:31,808 DEBUG    urllib3.connectionpool Starting new HTTPS connection (1): dl.google.com:443
2022-06-01 13:49:31,828 DEBUG    urllib3.connectionpool https://dl.google.com:443 "GET /dl/cloudsdk/channels/rapid/components/google-cloud-sdk-alpha-20220520145440.tar.gz HTTP/1.1" 200 800
2022-06-01 13:49:31,829 INFO     ___FILE_ONLY___ ══════════════════════════════
2022-06-01 13:49:31,831 INFO     ___FILE_ONLY___ ══════════════════════════════
2022-06-01 13:49:31,831 INFO     ___FILE_ONLY___ ╝

2022-06-01 13:49:31,840 INFO     ___FILE_ONLY___ ╔════════════════════════════════════════════════════════════╗

2022-06-01 13:49:31,841 INFO     ___FILE_ONLY___ ╠═ Installing: gcloud Beta Commands                         ═╣

2022-06-01 13:49:31,841 INFO     ___FILE_ONLY___ ╚
2022-06-01 13:49:31,844 DEBUG    urllib3.connectionpool Starting new HTTPS connection (1): dl.google.com:443
2022-06-01 13:49:31,863 DEBUG    urllib3.connectionpool https://dl.google.com:443 "GET /dl/cloudsdk/channels/rapid/components/google-cloud-sdk-beta-20220520145440.tar.gz HTTP/1.1" 200 797
2022-06-01 13:49:31,864 INFO     ___FILE_ONLY___ ══════════════════════════════
2022-06-01 13:49:31,865 INFO     ___FILE_ONLY___ ══════════════════════════════
2022-06-01 13:49:31,866 INFO     ___FILE_ONLY___ ╝

2022-06-01 13:49:31,875 INFO     ___FILE_ONLY___ ╔════════════════════════════════════════════════════════════╗

2022-06-01 13:49:31,876 INFO     ___FILE_ONLY___ ╠═ Creating backup and activating new installation          ═╣

2022-06-01 13:49:31,876 INFO     ___FILE_ONLY___ ╚
2022-06-01 13:49:31,876 DEBUG    root            Attempting to move directory [/tools/google-cloud-sdk] to [/tools/google-cloud-sdk.staging/.install/.backup]
2022-06-01 13:49:31,876 INFO     ___FILE_ONLY___ ══════════════════════════════
2022-06-01 13:49:31,877 DEBUG    root            Attempting to move directory [/tools/google-cloud-sdk.staging] to [/tools/google-cloud-sdk]
2022-06-01 13:49:31,877 INFO     ___FILE_ONLY___ ══════════════════════════════
2022-06-01 13:49:31,877 INFO     ___FILE_ONLY___ ╝

2022-06-01 13:49:31,881 DEBUG    root            Updating notification cache...
2022-06-01 13:49:31,881 INFO     ___FILE_ONLY___ 

2022-06-01 13:49:31,886 INFO     ___FILE_ONLY___ Performing post processing steps...
2022-06-01 13:49:31,887 DEBUG    root            Executing command: ['python3', '-S', '/tools/google-cloud-sdk/lib/gcloud.py', 'components', 'post-process']
2022-06-01 13:49:50,483 DEBUG    ___FILE_ONLY___ 
2022-06-01 13:49:50,484 DEBUG    ___FILE_ONLY___ 
2022-06-01 13:49:50,666 INFO     ___FILE_ONLY___ 
Update done!


2022-06-01 13:49:50,669 INFO     root            Display format: "none"
